<?xml version="1.0" encoding="UTF-8"?>
<!-- Generated by org.testng.reporters.JUnitXMLReporter -->
<testsuite hostname="JHANSI-PC" name="Surefire test" tests="9" failures="0" timestamp="5 Nov 2018 12:34:35 GMT" time="43.863" errors="0">
  <testcase name="CookieManagement" time="0.04" classname="registrationPackage.RegistrationTest"/>
  <testcase name="TextFields" time="2.133" classname="registrationPackage.RegistrationTest"/>
  <testcase name="ScrollintoView" time="0.032" classname="registrationPackage.RegistrationTest"/>
  <testcase name="dropdown" time="1.686" classname="registrationPackage.RegistrationTest"/>
  <testcase name="enalabled" time="0.093" classname="registrationPackage.RegistrationTest"/>
  <testcase name="dropdown2" time="0.484" classname="registrationPackage.RegistrationTest"/>
  <testcase name="submitButton" time="0.79" classname="registrationPackage.RegistrationTest"/>
  <testcase name="button2" time="1.343" classname="registrationPackage.RegistrationTest"/>
  <testcase name="multipleWindow" time="18.061" classname="registrationPackage.RegistrationTest"/>
</testsuite> <!-- Surefire test -->
