<?xml version="1.0" encoding="UTF-8"?>
<testng-results skipped="0" failed="1" ignored="0" total="9" passed="8">
  <reporter-output>
  </reporter-output>
  <suite name="Default suite" duration-ms="19845" started-at="2018-11-05T12:24:18Z" finished-at="2018-11-05T12:24:38Z">
    <groups>
    </groups>
    <test name="Default test" duration-ms="19845" started-at="2018-11-05T12:24:18Z" finished-at="2018-11-05T12:24:38Z">
      <class name="registrationPackage.RegistrationTest">
        <test-method status="PASS" signature="Driver()[pri:0, instance:registrationPackage.RegistrationTest@1774679]" name="Driver" is-config="true" duration-ms="13120" started-at="2018-11-05T12:24:18Z" finished-at="2018-11-05T12:24:31Z">
          <reporter-output>
          </reporter-output>
        </test-method> <!-- Driver -->
        <test-method status="PASS" signature="CookieManagement()[pri:1, instance:registrationPackage.RegistrationTest@1774679]" name="CookieManagement" duration-ms="32" started-at="2018-11-05T12:24:31Z" finished-at="2018-11-05T12:24:31Z">
          <reporter-output>
          </reporter-output>
        </test-method> <!-- CookieManagement -->
        <test-method status="PASS" signature="TextFields()[pri:2, instance:registrationPackage.RegistrationTest@1774679]" name="TextFields" duration-ms="2162" started-at="2018-11-05T12:24:31Z" finished-at="2018-11-05T12:24:33Z">
          <reporter-output>
          </reporter-output>
        </test-method> <!-- TextFields -->
        <test-method status="PASS" signature="ScrollintoView()[pri:3, instance:registrationPackage.RegistrationTest@1774679]" name="ScrollintoView" duration-ms="31" started-at="2018-11-05T12:24:33Z" finished-at="2018-11-05T12:24:33Z">
          <reporter-output>
          </reporter-output>
        </test-method> <!-- ScrollintoView -->
        <test-method status="PASS" signature="dropdown()[pri:4, instance:registrationPackage.RegistrationTest@1774679]" name="dropdown" duration-ms="1675" started-at="2018-11-05T12:24:33Z" finished-at="2018-11-05T12:24:35Z">
          <reporter-output>
          </reporter-output>
        </test-method> <!-- dropdown -->
        <test-method status="PASS" signature="enalabled()[pri:5, instance:registrationPackage.RegistrationTest@1774679]" name="enalabled" duration-ms="52" started-at="2018-11-05T12:24:35Z" finished-at="2018-11-05T12:24:35Z">
          <reporter-output>
          </reporter-output>
        </test-method> <!-- enalabled -->
        <test-method status="PASS" signature="dropdown2()[pri:6, instance:registrationPackage.RegistrationTest@1774679]" name="dropdown2" duration-ms="533" started-at="2018-11-05T12:24:35Z" finished-at="2018-11-05T12:24:35Z">
          <reporter-output>
          </reporter-output>
        </test-method> <!-- dropdown2 -->
        <test-method status="PASS" signature="submitButton()[pri:7, instance:registrationPackage.RegistrationTest@1774679]" name="submitButton" duration-ms="847" started-at="2018-11-05T12:24:35Z" finished-at="2018-11-05T12:24:36Z">
          <reporter-output>
          </reporter-output>
        </test-method> <!-- submitButton -->
        <test-method status="PASS" signature="button2()[pri:8, instance:registrationPackage.RegistrationTest@1774679]" name="button2" duration-ms="1345" started-at="2018-11-05T12:24:36Z" finished-at="2018-11-05T12:24:38Z">
          <reporter-output>
          </reporter-output>
        </test-method> <!-- button2 -->
        <test-method status="FAIL" signature="multipleWindow()[pri:9, instance:registrationPackage.RegistrationTest@1774679]" name="multipleWindow" duration-ms="16" started-at="2018-11-05T12:24:38Z" finished-at="2018-11-05T12:24:38Z">
          <exception class="org.openqa.selenium.NoSuchWindowException">
            <message>
              <![CDATA[Browsing context has been discarded
Build info: version: '3.141.0', revision: '2ecb7d9a', time: '2018-10-31T20:09:30'
System info: host: 'JHANSI-PC', ip: '192.168.2.7', os.name: 'Windows 7', os.arch: 'x86', os.version: '6.1', java.version: '1.8.0_151'
Driver info: org.openqa.selenium.firefox.FirefoxDriver
Capabilities {acceptInsecureCerts: true, browserName: firefox, browserVersion: 63.0.1, javascriptEnabled: true, moz:accessibilityChecks: false, moz:geckodriverVersion: 0.23.0, moz:headless: false, moz:processID: 6816, moz:profile: C:\Users\JHANSI\AppData\Loc..., moz:useNonSpecCompliantPointerOrigin: false, moz:webdriverClick: true, pageLoadStrategy: normal, platform: WINDOWS, platformName: WINDOWS, platformVersion: 6.1, rotatable: false, setWindowRect: true, timeouts: {implicit: 0, pageLoad: 300000, script: 30000}, unhandledPromptBehavior: dismiss and notify}
Session ID: c83bc952-2da3-4184-8390-8b10eb5e27b1]]>
            </message>
            <full-stacktrace>
              <![CDATA[org.openqa.selenium.NoSuchWindowException: Browsing context has been discarded
Build info: version: '3.141.0', revision: '2ecb7d9a', time: '2018-10-31T20:09:30'
System info: host: 'JHANSI-PC', ip: '192.168.2.7', os.name: 'Windows 7', os.arch: 'x86', os.version: '6.1', java.version: '1.8.0_151'
Driver info: org.openqa.selenium.firefox.FirefoxDriver
Capabilities {acceptInsecureCerts: true, browserName: firefox, browserVersion: 63.0.1, javascriptEnabled: true, moz:accessibilityChecks: false, moz:geckodriverVersion: 0.23.0, moz:headless: false, moz:processID: 6816, moz:profile: C:\Users\JHANSI\AppData\Loc..., moz:useNonSpecCompliantPointerOrigin: false, moz:webdriverClick: true, pageLoadStrategy: normal, platform: WINDOWS, platformName: WINDOWS, platformVersion: 6.1, rotatable: false, setWindowRect: true, timeouts: {implicit: 0, pageLoad: 300000, script: 30000}, unhandledPromptBehavior: dismiss and notify}
Session ID: c83bc952-2da3-4184-8390-8b10eb5e27b1
at sun.reflect.NativeConstructorAccessorImpl.newInstance0(Native Method)
at sun.reflect.NativeConstructorAccessorImpl.newInstance(NativeConstructorAccessorImpl.java:62)
at sun.reflect.DelegatingConstructorAccessorImpl.newInstance(DelegatingConstructorAccessorImpl.java:45)
at java.lang.reflect.Constructor.newInstance(Constructor.java:423)
at org.openqa.selenium.remote.http.W3CHttpResponseCodec.createException(W3CHttpResponseCodec.java:187)
at org.openqa.selenium.remote.http.W3CHttpResponseCodec.decode(W3CHttpResponseCodec.java:122)
at org.openqa.selenium.remote.http.W3CHttpResponseCodec.decode(W3CHttpResponseCodec.java:49)
at org.openqa.selenium.remote.HttpCommandExecutor.execute(HttpCommandExecutor.java:158)
at org.openqa.selenium.remote.service.DriverCommandExecutor.execute(DriverCommandExecutor.java:83)
at org.openqa.selenium.remote.RemoteWebDriver.execute(RemoteWebDriver.java:552)
at org.openqa.selenium.remote.RemoteWebDriver.execute(RemoteWebDriver.java:609)
at org.openqa.selenium.remote.RemoteWebDriver.getWindowHandle(RemoteWebDriver.java:472)
at registrationPackage.RegistrationTest.multipleWindow(RegistrationTest.java:163)
at sun.reflect.NativeMethodAccessorImpl.invoke0(Native Method)
at sun.reflect.NativeMethodAccessorImpl.invoke(NativeMethodAccessorImpl.java:62)
at sun.reflect.DelegatingMethodAccessorImpl.invoke(DelegatingMethodAccessorImpl.java:43)
at java.lang.reflect.Method.invoke(Method.java:498)
at org.testng.internal.MethodInvocationHelper.invokeMethod(MethodInvocationHelper.java:124)
at org.testng.internal.Invoker.invokeMethod(Invoker.java:580)
at org.testng.internal.Invoker.invokeTestMethod(Invoker.java:716)
at org.testng.internal.Invoker.invokeTestMethods(Invoker.java:988)
at org.testng.internal.TestMethodWorker.invokeTestMethods(TestMethodWorker.java:125)
at org.testng.internal.TestMethodWorker.run(TestMethodWorker.java:109)
at org.testng.TestRunner.privateRun(TestRunner.java:648)
at org.testng.TestRunner.run(TestRunner.java:505)
at org.testng.SuiteRunner.runTest(SuiteRunner.java:455)
at org.testng.SuiteRunner.runSequentially(SuiteRunner.java:450)
at org.testng.SuiteRunner.privateRun(SuiteRunner.java:415)
at org.testng.SuiteRunner.run(SuiteRunner.java:364)
at org.testng.SuiteRunnerWorker.runSuite(SuiteRunnerWorker.java:52)
at org.testng.SuiteRunnerWorker.run(SuiteRunnerWorker.java:84)
at org.testng.TestNG.runSuitesSequentially(TestNG.java:1208)
at org.testng.TestNG.runSuitesLocally(TestNG.java:1137)
at org.testng.TestNG.runSuites(TestNG.java:1049)
at org.testng.TestNG.run(TestNG.java:1017)
at org.testng.remote.AbstractRemoteTestNG.run(AbstractRemoteTestNG.java:114)
at org.testng.remote.RemoteTestNG.initAndRun(RemoteTestNG.java:251)
at org.testng.remote.RemoteTestNG.main(RemoteTestNG.java:77)
]]>
            </full-stacktrace>
          </exception> <!-- org.openqa.selenium.NoSuchWindowException -->
          <reporter-output>
          </reporter-output>
        </test-method> <!-- multipleWindow -->
      </class> <!-- registrationPackage.RegistrationTest -->
    </test> <!-- Default test -->
  </suite> <!-- Default suite -->
</testng-results>
